c:\dev\students\ch18\nathan.devereux\prog2\fieagameengine\build\obj\game.desktop\x64\release\game.desktop.pch
c:\dev\students\ch18\nathan.devereux\prog2\fieagameengine\build\obj\game.desktop\x64\release\vc142.pdb
c:\dev\students\ch18\nathan.devereux\prog2\fieagameengine\build\obj\game.desktop\x64\release\pch.xdc
c:\dev\students\ch18\nathan.devereux\prog2\fieagameengine\build\obj\game.desktop\x64\release\pch.obj
c:\dev\students\ch18\nathan.devereux\prog2\fieagameengine\build\obj\game.desktop\x64\release\program.xdc
c:\dev\students\ch18\nathan.devereux\prog2\fieagameengine\build\obj\game.desktop\x64\release\program.obj
c:\dev\students\ch18\nathan.devereux\prog2\fieagameengine\build\bin\game.desktop\x64\release\game.desktop.exe
c:\dev\students\ch18\nathan.devereux\prog2\fieagameengine\build\obj\game.desktop\x64\release\game.desktop.ipdb
c:\dev\students\ch18\nathan.devereux\prog2\fieagameengine\build\obj\game.desktop\x64\release\game.desktop.iobj
c:\dev\students\ch18\nathan.devereux\prog2\fieagameengine\build\bin\game.desktop\x64\release\game.desktop.pdb
c:\dev\students\ch18\nathan.devereux\prog2\fieagameengine\build\bin\game.desktop\x64\release\game.desktop.xml
c:\dev\students\ch18\nathan.devereux\prog2\fieagameengine\build\obj\game.desktop\x64\release\game.desktop.tlog\cl.command.1.tlog
c:\dev\students\ch18\nathan.devereux\prog2\fieagameengine\build\obj\game.desktop\x64\release\game.desktop.tlog\cl.read.1.tlog
c:\dev\students\ch18\nathan.devereux\prog2\fieagameengine\build\obj\game.desktop\x64\release\game.desktop.tlog\cl.write.1.tlog
c:\dev\students\ch18\nathan.devereux\prog2\fieagameengine\build\obj\game.desktop\x64\release\game.desktop.tlog\link.command.1.tlog
c:\dev\students\ch18\nathan.devereux\prog2\fieagameengine\build\obj\game.desktop\x64\release\game.desktop.tlog\link.read.1.tlog
c:\dev\students\ch18\nathan.devereux\prog2\fieagameengine\build\obj\game.desktop\x64\release\game.desktop.tlog\link.write.1.tlog
c:\dev\students\ch18\nathan.devereux\prog2\fieagameengine\build\obj\game.desktop\x64\release\game.desktop.tlog\xdcmake.command.1.tlog
c:\dev\students\ch18\nathan.devereux\prog2\fieagameengine\build\obj\game.desktop\x64\release\game.desktop.tlog\xdcmake.read.1.tlog
c:\dev\students\ch18\nathan.devereux\prog2\fieagameengine\build\obj\game.desktop\x64\release\game.desktop.tlog\xdcmake.write.1.tlog
