c:\dev\students\ch18\nathan.devereux\prog2\fieagameengine\build\obj\library.desktop\x64\release\library.desktop.pch
c:\dev\students\ch18\nathan.devereux\prog2\fieagameengine\build\bin\library.desktop\x64\release\library.desktop.pdb
c:\dev\students\ch18\nathan.devereux\prog2\fieagameengine\build\obj\library.desktop\x64\release\pch.xdc
c:\dev\students\ch18\nathan.devereux\prog2\fieagameengine\build\obj\library.desktop\x64\release\pch.obj
c:\dev\students\ch18\nathan.devereux\prog2\fieagameengine\build\obj\library.desktop\x64\release\action.xdc
c:\dev\students\ch18\nathan.devereux\prog2\fieagameengine\build\obj\library.desktop\x64\release\actioncreateaction.xdc
c:\dev\students\ch18\nathan.devereux\prog2\fieagameengine\build\obj\library.desktop\x64\release\actiondestroyaction.xdc
c:\dev\students\ch18\nathan.devereux\prog2\fieagameengine\build\obj\library.desktop\x64\release\actionincrement.xdc
c:\dev\students\ch18\nathan.devereux\prog2\fieagameengine\build\obj\library.desktop\x64\release\actionlist.xdc
c:\dev\students\ch18\nathan.devereux\prog2\fieagameengine\build\obj\library.desktop\x64\release\actionlistif.xdc
c:\dev\students\ch18\nathan.devereux\prog2\fieagameengine\build\obj\library.desktop\x64\release\attribute.xdc
c:\dev\students\ch18\nathan.devereux\prog2\fieagameengine\build\obj\library.desktop\x64\release\datum.xdc
c:\dev\students\ch18\nathan.devereux\prog2\fieagameengine\build\obj\library.desktop\x64\release\eventpublisher.xdc
c:\dev\students\ch18\nathan.devereux\prog2\fieagameengine\build\obj\library.desktop\x64\release\eventqueue.xdc
c:\dev\students\ch18\nathan.devereux\prog2\fieagameengine\build\obj\library.desktop\x64\release\eventsubscriber.xdc
c:\dev\students\ch18\nathan.devereux\prog2\fieagameengine\build\obj\library.desktop\x64\release\gameclock.xdc
c:\dev\students\ch18\nathan.devereux\prog2\fieagameengine\build\obj\library.desktop\x64\release\gameobject.xdc
c:\dev\students\ch18\nathan.devereux\prog2\fieagameengine\build\obj\library.desktop\x64\release\gamestate.xdc
c:\dev\students\ch18\nathan.devereux\prog2\fieagameengine\build\obj\library.desktop\x64\release\gametime.xdc
c:\dev\students\ch18\nathan.devereux\prog2\fieagameengine\build\obj\library.desktop\x64\release\ijsonparsehelper.xdc
c:\dev\students\ch18\nathan.devereux\prog2\fieagameengine\build\obj\library.desktop\x64\release\jsonparsecoordinator.xdc
c:\dev\students\ch18\nathan.devereux\prog2\fieagameengine\build\obj\library.desktop\x64\release\jsontableparsehelper.xdc
c:\dev\students\ch18\nathan.devereux\prog2\fieagameengine\build\obj\library.desktop\x64\release\scope.xdc
c:\dev\students\ch18\nathan.devereux\prog2\fieagameengine\build\obj\library.desktop\x64\release\signature.xdc
c:\dev\students\ch18\nathan.devereux\prog2\fieagameengine\build\obj\library.desktop\x64\release\signature.obj
c:\dev\students\ch18\nathan.devereux\prog2\fieagameengine\build\obj\library.desktop\x64\release\scope.obj
c:\dev\students\ch18\nathan.devereux\prog2\fieagameengine\build\obj\library.desktop\x64\release\jsontableparsehelper.obj
c:\dev\students\ch18\nathan.devereux\prog2\fieagameengine\build\obj\library.desktop\x64\release\jsonparsecoordinator.obj
c:\dev\students\ch18\nathan.devereux\prog2\fieagameengine\build\obj\library.desktop\x64\release\ijsonparsehelper.obj
c:\dev\students\ch18\nathan.devereux\prog2\fieagameengine\build\obj\library.desktop\x64\release\gametime.obj
c:\dev\students\ch18\nathan.devereux\prog2\fieagameengine\build\obj\library.desktop\x64\release\gamestate.obj
c:\dev\students\ch18\nathan.devereux\prog2\fieagameengine\build\obj\library.desktop\x64\release\gameobject.obj
c:\dev\students\ch18\nathan.devereux\prog2\fieagameengine\build\obj\library.desktop\x64\release\gameclock.obj
c:\dev\students\ch18\nathan.devereux\prog2\fieagameengine\build\obj\library.desktop\x64\release\eventsubscriber.obj
c:\dev\students\ch18\nathan.devereux\prog2\fieagameengine\build\obj\library.desktop\x64\release\eventqueue.obj
c:\dev\students\ch18\nathan.devereux\prog2\fieagameengine\build\obj\library.desktop\x64\release\eventpublisher.obj
c:\dev\students\ch18\nathan.devereux\prog2\fieagameengine\build\obj\library.desktop\x64\release\datum.obj
c:\dev\students\ch18\nathan.devereux\prog2\fieagameengine\build\obj\library.desktop\x64\release\attribute.obj
c:\dev\students\ch18\nathan.devereux\prog2\fieagameengine\build\obj\library.desktop\x64\release\actionlistif.obj
c:\dev\students\ch18\nathan.devereux\prog2\fieagameengine\build\obj\library.desktop\x64\release\actionlist.obj
c:\dev\students\ch18\nathan.devereux\prog2\fieagameengine\build\obj\library.desktop\x64\release\actionincrement.obj
c:\dev\students\ch18\nathan.devereux\prog2\fieagameengine\build\obj\library.desktop\x64\release\actiondestroyaction.obj
c:\dev\students\ch18\nathan.devereux\prog2\fieagameengine\build\obj\library.desktop\x64\release\actioncreateaction.obj
c:\dev\students\ch18\nathan.devereux\prog2\fieagameengine\build\obj\library.desktop\x64\release\action.obj
c:\dev\students\ch18\nathan.devereux\prog2\fieagameengine\build\obj\library.desktop\x64\release\registry.xdc
c:\dev\students\ch18\nathan.devereux\prog2\fieagameengine\build\obj\library.desktop\x64\release\registry.obj
c:\dev\students\ch18\nathan.devereux\prog2\fieagameengine\build\bin\library.desktop\x64\release\library.desktop.lib
c:\dev\students\ch18\nathan.devereux\prog2\fieagameengine\build\bin\library.desktop\x64\release\library.desktop.xml
c:\dev\students\ch18\nathan.devereux\prog2\fieagameengine\build\obj\library.desktop\x64\release\library.desktop.tlog\cl.command.1.tlog
c:\dev\students\ch18\nathan.devereux\prog2\fieagameengine\build\obj\library.desktop\x64\release\library.desktop.tlog\cl.read.1.tlog
c:\dev\students\ch18\nathan.devereux\prog2\fieagameengine\build\obj\library.desktop\x64\release\library.desktop.tlog\cl.write.1.tlog
c:\dev\students\ch18\nathan.devereux\prog2\fieagameengine\build\obj\library.desktop\x64\release\library.desktop.tlog\lib-link.read.1.tlog
c:\dev\students\ch18\nathan.devereux\prog2\fieagameengine\build\obj\library.desktop\x64\release\library.desktop.tlog\lib-link.write.1.tlog
c:\dev\students\ch18\nathan.devereux\prog2\fieagameengine\build\obj\library.desktop\x64\release\library.desktop.tlog\lib.command.1.tlog
c:\dev\students\ch18\nathan.devereux\prog2\fieagameengine\build\obj\library.desktop\x64\release\library.desktop.tlog\xdcmake.command.1.tlog
c:\dev\students\ch18\nathan.devereux\prog2\fieagameengine\build\obj\library.desktop\x64\release\library.desktop.tlog\xdcmake.read.1.tlog
c:\dev\students\ch18\nathan.devereux\prog2\fieagameengine\build\obj\library.desktop\x64\release\library.desktop.tlog\xdcmake.write.1.tlog
