c:\dev\students\ch18\nathan.devereux\prog2\fieagameengine\build\obj\game.desktop\x64\debug\game.desktop.pch
c:\dev\students\ch18\nathan.devereux\prog2\fieagameengine\build\obj\game.desktop\x64\debug\vc142.pdb
c:\dev\students\ch18\nathan.devereux\prog2\fieagameengine\build\obj\game.desktop\x64\debug\vc142.idb
c:\dev\students\ch18\nathan.devereux\prog2\fieagameengine\build\obj\game.desktop\x64\debug\pch.xdc
c:\dev\students\ch18\nathan.devereux\prog2\fieagameengine\build\obj\game.desktop\x64\debug\pch.obj
c:\dev\students\ch18\nathan.devereux\prog2\fieagameengine\build\obj\game.desktop\x64\debug\program.xdc
c:\dev\students\ch18\nathan.devereux\prog2\fieagameengine\build\obj\game.desktop\x64\debug\program.obj
c:\dev\students\ch18\nathan.devereux\prog2\fieagameengine\build\obj\game.desktop\x64\debug\game.desktop.ilk
c:\dev\students\ch18\nathan.devereux\prog2\fieagameengine\build\bin\game.desktop\x64\debug\game.desktop.exe
c:\dev\students\ch18\nathan.devereux\prog2\fieagameengine\build\bin\game.desktop\x64\debug\game.desktop.pdb
c:\dev\students\ch18\nathan.devereux\prog2\fieagameengine\build\bin\game.desktop\x64\debug\game.desktop.xml
c:\dev\students\ch18\nathan.devereux\prog2\fieagameengine\build\obj\game.desktop\x64\debug\game.desktop.tlog\cl.command.1.tlog
c:\dev\students\ch18\nathan.devereux\prog2\fieagameengine\build\obj\game.desktop\x64\debug\game.desktop.tlog\cl.read.1.tlog
c:\dev\students\ch18\nathan.devereux\prog2\fieagameengine\build\obj\game.desktop\x64\debug\game.desktop.tlog\cl.write.1.tlog
c:\dev\students\ch18\nathan.devereux\prog2\fieagameengine\build\obj\game.desktop\x64\debug\game.desktop.tlog\link.command.1.tlog
c:\dev\students\ch18\nathan.devereux\prog2\fieagameengine\build\obj\game.desktop\x64\debug\game.desktop.tlog\link.read.1.tlog
c:\dev\students\ch18\nathan.devereux\prog2\fieagameengine\build\obj\game.desktop\x64\debug\game.desktop.tlog\link.write.1.tlog
c:\dev\students\ch18\nathan.devereux\prog2\fieagameengine\build\obj\game.desktop\x64\debug\game.desktop.tlog\xdcmake.command.1.tlog
c:\dev\students\ch18\nathan.devereux\prog2\fieagameengine\build\obj\game.desktop\x64\debug\game.desktop.tlog\xdcmake.read.1.tlog
c:\dev\students\ch18\nathan.devereux\prog2\fieagameengine\build\obj\game.desktop\x64\debug\game.desktop.tlog\xdcmake.write.1.tlog
