c:\dev\students\ch18\nathan.devereux\prog2\fieagameengine\build\obj\library.desktop\win32\debug\library.desktop.pch
c:\dev\students\ch18\nathan.devereux\prog2\fieagameengine\build\bin\library.desktop\win32\debug\library.desktop.pdb
c:\dev\students\ch18\nathan.devereux\prog2\fieagameengine\build\bin\library.desktop\win32\debug\library.desktop.idb
c:\dev\students\ch18\nathan.devereux\prog2\fieagameengine\build\obj\library.desktop\win32\debug\pch.xdc
c:\dev\students\ch18\nathan.devereux\prog2\fieagameengine\build\obj\library.desktop\win32\debug\pch.obj
c:\dev\students\ch18\nathan.devereux\prog2\fieagameengine\build\obj\library.desktop\win32\debug\action.xdc
c:\dev\students\ch18\nathan.devereux\prog2\fieagameengine\build\obj\library.desktop\win32\debug\actioncreateaction.xdc
c:\dev\students\ch18\nathan.devereux\prog2\fieagameengine\build\obj\library.desktop\win32\debug\actiondestroyaction.xdc
c:\dev\students\ch18\nathan.devereux\prog2\fieagameengine\build\obj\library.desktop\win32\debug\actionincrement.xdc
c:\dev\students\ch18\nathan.devereux\prog2\fieagameengine\build\obj\library.desktop\win32\debug\actionlist.xdc
c:\dev\students\ch18\nathan.devereux\prog2\fieagameengine\build\obj\library.desktop\win32\debug\actionlistif.xdc
c:\dev\students\ch18\nathan.devereux\prog2\fieagameengine\build\obj\library.desktop\win32\debug\attribute.xdc
c:\dev\students\ch18\nathan.devereux\prog2\fieagameengine\build\obj\library.desktop\win32\debug\datum.xdc
c:\dev\students\ch18\nathan.devereux\prog2\fieagameengine\build\obj\library.desktop\win32\debug\eventpublisher.xdc
c:\dev\students\ch18\nathan.devereux\prog2\fieagameengine\build\obj\library.desktop\win32\debug\eventqueue.xdc
c:\dev\students\ch18\nathan.devereux\prog2\fieagameengine\build\obj\library.desktop\win32\debug\eventsubscriber.xdc
c:\dev\students\ch18\nathan.devereux\prog2\fieagameengine\build\obj\library.desktop\win32\debug\gameclock.xdc
c:\dev\students\ch18\nathan.devereux\prog2\fieagameengine\build\obj\library.desktop\win32\debug\gameobject.xdc
c:\dev\students\ch18\nathan.devereux\prog2\fieagameengine\build\obj\library.desktop\win32\debug\gamestate.xdc
c:\dev\students\ch18\nathan.devereux\prog2\fieagameengine\build\obj\library.desktop\win32\debug\gametime.xdc
c:\dev\students\ch18\nathan.devereux\prog2\fieagameengine\build\obj\library.desktop\win32\debug\ijsonparsehelper.xdc
c:\dev\students\ch18\nathan.devereux\prog2\fieagameengine\build\obj\library.desktop\win32\debug\jsonparsecoordinator.xdc
c:\dev\students\ch18\nathan.devereux\prog2\fieagameengine\build\obj\library.desktop\win32\debug\jsontableparsehelper.xdc
c:\dev\students\ch18\nathan.devereux\prog2\fieagameengine\build\obj\library.desktop\win32\debug\scope.xdc
c:\dev\students\ch18\nathan.devereux\prog2\fieagameengine\build\obj\library.desktop\win32\debug\signature.xdc
c:\dev\students\ch18\nathan.devereux\prog2\fieagameengine\build\obj\library.desktop\win32\debug\signature.obj
c:\dev\students\ch18\nathan.devereux\prog2\fieagameengine\build\obj\library.desktop\win32\debug\scope.obj
c:\dev\students\ch18\nathan.devereux\prog2\fieagameengine\build\obj\library.desktop\win32\debug\jsontableparsehelper.obj
c:\dev\students\ch18\nathan.devereux\prog2\fieagameengine\build\obj\library.desktop\win32\debug\jsonparsecoordinator.obj
c:\dev\students\ch18\nathan.devereux\prog2\fieagameengine\build\obj\library.desktop\win32\debug\ijsonparsehelper.obj
c:\dev\students\ch18\nathan.devereux\prog2\fieagameengine\build\obj\library.desktop\win32\debug\gametime.obj
c:\dev\students\ch18\nathan.devereux\prog2\fieagameengine\build\obj\library.desktop\win32\debug\gamestate.obj
c:\dev\students\ch18\nathan.devereux\prog2\fieagameengine\build\obj\library.desktop\win32\debug\gameobject.obj
c:\dev\students\ch18\nathan.devereux\prog2\fieagameengine\build\obj\library.desktop\win32\debug\gameclock.obj
c:\dev\students\ch18\nathan.devereux\prog2\fieagameengine\build\obj\library.desktop\win32\debug\eventsubscriber.obj
c:\dev\students\ch18\nathan.devereux\prog2\fieagameengine\build\obj\library.desktop\win32\debug\eventqueue.obj
c:\dev\students\ch18\nathan.devereux\prog2\fieagameengine\build\obj\library.desktop\win32\debug\eventpublisher.obj
c:\dev\students\ch18\nathan.devereux\prog2\fieagameengine\build\obj\library.desktop\win32\debug\datum.obj
c:\dev\students\ch18\nathan.devereux\prog2\fieagameengine\build\obj\library.desktop\win32\debug\attribute.obj
c:\dev\students\ch18\nathan.devereux\prog2\fieagameengine\build\obj\library.desktop\win32\debug\actionlistif.obj
c:\dev\students\ch18\nathan.devereux\prog2\fieagameengine\build\obj\library.desktop\win32\debug\actionlist.obj
c:\dev\students\ch18\nathan.devereux\prog2\fieagameengine\build\obj\library.desktop\win32\debug\actionincrement.obj
c:\dev\students\ch18\nathan.devereux\prog2\fieagameengine\build\obj\library.desktop\win32\debug\actiondestroyaction.obj
c:\dev\students\ch18\nathan.devereux\prog2\fieagameengine\build\obj\library.desktop\win32\debug\actioncreateaction.obj
c:\dev\students\ch18\nathan.devereux\prog2\fieagameengine\build\obj\library.desktop\win32\debug\action.obj
c:\dev\students\ch18\nathan.devereux\prog2\fieagameengine\build\obj\library.desktop\win32\debug\registry.xdc
c:\dev\students\ch18\nathan.devereux\prog2\fieagameengine\build\obj\library.desktop\win32\debug\registry.obj
c:\dev\students\ch18\nathan.devereux\prog2\fieagameengine\build\bin\library.desktop\win32\debug\library.desktop.lib
c:\dev\students\ch18\nathan.devereux\prog2\fieagameengine\build\bin\library.desktop\win32\debug\library.desktop.xml
c:\dev\students\ch18\nathan.devereux\prog2\fieagameengine\build\obj\library.desktop\win32\debug\library.desktop.tlog\cl.command.1.tlog
c:\dev\students\ch18\nathan.devereux\prog2\fieagameengine\build\obj\library.desktop\win32\debug\library.desktop.tlog\cl.read.1.tlog
c:\dev\students\ch18\nathan.devereux\prog2\fieagameengine\build\obj\library.desktop\win32\debug\library.desktop.tlog\cl.write.1.tlog
c:\dev\students\ch18\nathan.devereux\prog2\fieagameengine\build\obj\library.desktop\win32\debug\library.desktop.tlog\lib-link.read.1.tlog
c:\dev\students\ch18\nathan.devereux\prog2\fieagameengine\build\obj\library.desktop\win32\debug\library.desktop.tlog\lib-link.write.1.tlog
c:\dev\students\ch18\nathan.devereux\prog2\fieagameengine\build\obj\library.desktop\win32\debug\library.desktop.tlog\lib.command.1.tlog
c:\dev\students\ch18\nathan.devereux\prog2\fieagameengine\build\obj\library.desktop\win32\debug\library.desktop.tlog\xdcmake.command.1.tlog
c:\dev\students\ch18\nathan.devereux\prog2\fieagameengine\build\obj\library.desktop\win32\debug\library.desktop.tlog\xdcmake.read.1.tlog
c:\dev\students\ch18\nathan.devereux\prog2\fieagameengine\build\obj\library.desktop\win32\debug\library.desktop.tlog\xdcmake.write.1.tlog
